This is pdfTeX, Version 3.141592653-2.6-1.40.26 (TeX Live 2024) (preloaded format=prv_balance.py 2025.3.28)  28 MAR 2025 13:00
entering extended mode
 restricted \write18 enabled.
 file:line:error style messages enabled.
 %&-line parsing enabled.
**&prv_balance.py /AUCTEXINPUT{ balance.py.tex }
(./balance.py.tex (/usr/local/texlive/2024/texmf-dist/tex/latex/l3backend/l3backend-pdftex.def
File: l3backend-pdftex.def 2024-05-08 L3 backend support: PDF output (pdfTeX)
\l__color_backend_stack_int=\count280
\l__pdf_internal_box=\box54
)
No file balance.py.aux.
LaTeX Font Info:    Checking defaults for OML/cmm/m/it on input line 5.
LaTeX Font Info:    ... okay on input line 5.
LaTeX Font Info:    Checking defaults for OMS/cmsy/m/n on input line 5.
LaTeX Font Info:    ... okay on input line 5.
LaTeX Font Info:    Checking defaults for OT1/cmr/m/n on input line 5.
LaTeX Font Info:    ... okay on input line 5.
LaTeX Font Info:    Checking defaults for T1/cmr/m/n on input line 5.
LaTeX Font Info:    ... okay on input line 5.
LaTeX Font Info:    Checking defaults for TS1/cmr/m/n on input line 5.
LaTeX Font Info:    ... okay on input line 5.
LaTeX Font Info:    Checking defaults for OMX/cmex/m/n on input line 5.
LaTeX Font Info:    ... okay on input line 5.
LaTeX Font Info:    Checking defaults for U/cmr/m/n on input line 5.
LaTeX Font Info:    ... okay on input line 5.
(/home/one/.emacs.d/elpa/auctex-14.0.6/latex/preview.sty
Package: preview 2024/06/30 14.0.6 (AUCTeX/preview-latex)
 (/usr/local/texlive/2024/texmf-dist/tex/generic/luatex85/luatex85.sty
Package: luatex85 2016/06/15 v1.4 pdftex aliases for luatex
) (/home/one/.emacs.d/elpa/auctex-14.0.6/latex/prtightpage.def
\PreviewBorder=\dimen151
) (/home/one/.emacs.d/elpa/auctex-14.0.6/latex/prauctex.def
No auxiliary output files.


\hbadness=\count281
\hfuzz=\dimen152
(/home/one/.emacs.d/elpa/auctex-14.0.6/latex/prauctex.cfg)) (/home/one/.emacs.d/elpa/auctex-14.0.6/latex/prfootnotes.def)
\pr@snippet=\count282
\pr@box=\box55
\pr@output=\toks24

Preview: Fontsize 10pt
Preview: PDFoutput 1
)
./balance.py.tex:6: Preview: Snippet 1 started.
<-><->
      
l.6 \[
       B = \sqrt{\frac{1}{|S|} \sum_{j=1}^{|S|} (w_j - \bar{w})^2} \]
Not a real error.

Preview: Tightpage -32891 -32891 32891 32891
./balance.py.tex:6: Preview: Snippet 1 ended.(2385532+0x14779602).
<-><->
      
l.6 ...|S|} \sum_{j=1}^{|S|} (w_j - \bar{w})^2} \]
                                                  
Not a real error.

[1{/usr/local/texlive/2024/texmf-var/fonts/map/pdftex/updmap/pdftex.map}]
./balance.py.tex:7: Preview: Snippet 2 started.
<-><->
      
l.7 $
     |S|$
Not a real error.

./balance.py.tex:7: Preview: Snippet 2 ended.(491520+163840x803726).
<-><->
      
l.7 $|S|$
         
Not a real error.

[2]
./balance.py.tex:8: Preview: Snippet 3 started.
<-><->
      
l.8 $
     w_{j}$
Not a real error.

./balance.py.tex:8: Preview: Snippet 3 ended.(282168+187504x745323).
<-><->
      
l.8 $w_{j}$
           
Not a real error.

[3]
./balance.py.tex:9: Preview: Snippet 4 started.
<-><->
      
l.9 $
     j$
Not a real error.

./balance.py.tex:9: Preview: Snippet 4 ended.(432226+127431x307396).
<-><->
      
l.9 $j$
       
Not a real error.

[4]
./balance.py.tex:10: Preview: Snippet 5 started.
<-><->
      
l.10 $
      \bar {w}$
Not a real error.

./balance.py.tex:10: Preview: Snippet 5 ended.(372098+0x486818).
<-><->
      
l.10 $\bar {w}$
               
Not a real error.

[5]
 ***********
LaTeX2e <2024-06-01> patch level 2
L3 programming layer <2024-08-30>
 ***********
 ) 
Here is how much of TeX's memory you used:
 429 strings out of 472212
 9251 string characters out of 5710118
 408184 words of memory out of 5000000
 24691 multiletter control sequences out of 15000+600000
 565296 words of font info for 52 fonts, out of 8000000 for 9000
 1141 hyphenation exceptions out of 8191
 46i,4n,54p,187b,115s stack positions out of 10000i,1000n,20000p,200000b,200000s
</usr/local/texlive/2024/texmf-dist/fonts/type1/public/amsfonts/cm/cmex10.pfb></usr/local/texlive/2024/texmf-dist/fonts/type1/public/amsfonts/cm/cmmi10.pfb></usr/local/texlive/2024/texmf-dist/fonts/type1/public/amsfonts/cm/cmmi7.pfb></usr/local/texlive/2024/texmf-dist/fonts/type1/public/amsfonts/cm/cmr10.pfb></usr/local/texlive/2024/texmf-dist/fonts/type1/public/amsfonts/cm/cmr7.pfb></usr/local/texlive/2024/texmf-dist/fonts/type1/public/amsfonts/cm/cmsy10.pfb></usr/local/texlive/2024/texmf-dist/fonts/type1/public/amsfonts/cm/cmsy7.pfb>
Output written on balance.py.pdf (5 pages, 60250 bytes).
PDF statistics:
 55 PDF objects out of 1000 (max. 8388607)
 33 compressed objects within 1 object stream
 0 named destinations out of 1000 (max. 500000)
 1 words of extra memory for PDF output out of 10000 (max. 10000000)

