This is pdfTeX, Version 3.141592653-2.6-1.40.26 (TeX Live 2024) (preloaded format=prv_delay.py 2025.3.28)  28 MAR 2025 12:52
entering extended mode
 restricted \write18 enabled.
 file:line:error style messages enabled.
 %&-line parsing enabled.
**&prv_delay.py /AUCTEXINPUT{ delay.py.tex }
(./delay.py.tex (/usr/local/texlive/2024/texmf-dist/tex/latex/l3backend/l3backend-pdftex.def
File: l3backend-pdftex.def 2024-05-08 L3 backend support: PDF output (pdfTeX)
\l__color_backend_stack_int=\count280
\l__pdf_internal_box=\box54
)
No file delay.py.aux.
LaTeX Font Info:    Checking defaults for OML/cmm/m/it on input line 5.
LaTeX Font Info:    ... okay on input line 5.
LaTeX Font Info:    Checking defaults for OMS/cmsy/m/n on input line 5.
LaTeX Font Info:    ... okay on input line 5.
LaTeX Font Info:    Checking defaults for OT1/cmr/m/n on input line 5.
LaTeX Font Info:    ... okay on input line 5.
LaTeX Font Info:    Checking defaults for T1/cmr/m/n on input line 5.
LaTeX Font Info:    ... okay on input line 5.
LaTeX Font Info:    Checking defaults for TS1/cmr/m/n on input line 5.
LaTeX Font Info:    ... okay on input line 5.
LaTeX Font Info:    Checking defaults for OMX/cmex/m/n on input line 5.
LaTeX Font Info:    ... okay on input line 5.
LaTeX Font Info:    Checking defaults for U/cmr/m/n on input line 5.
LaTeX Font Info:    ... okay on input line 5.
(/home/one/.emacs.d/elpa/auctex-14.0.6/latex/preview.sty
Package: preview 2024/06/30 14.0.6 (AUCTeX/preview-latex)
 (/usr/local/texlive/2024/texmf-dist/tex/generic/luatex85/luatex85.sty
Package: luatex85 2016/06/15 v1.4 pdftex aliases for luatex
) (/home/one/.emacs.d/elpa/auctex-14.0.6/latex/prtightpage.def
\PreviewBorder=\dimen151
) (/home/one/.emacs.d/elpa/auctex-14.0.6/latex/prauctex.def
No auxiliary output files.


\hbadness=\count281
\hfuzz=\dimen152
(/home/one/.emacs.d/elpa/auctex-14.0.6/latex/prauctex.cfg)) (/home/one/.emacs.d/elpa/auctex-14.0.6/latex/prfootnotes.def)
\pr@snippet=\count282
\pr@box=\box55
\pr@output=\toks24

Preview: Fontsize 10pt
Preview: PDFoutput 1
)
./delay.py.tex:6: Preview: Snippet 1 started.
<-><->
      
l.6 $
     D$
Not a real error.

Preview: Tightpage -32891 -32891 32891 32891
./delay.py.tex:6: Preview: Snippet 1 ended.(447828+0x560788).
<-><->
      
l.6 $D$
       
Not a real error.

[1{/usr/local/texlive/2024/texmf-var/fonts/map/pdftex/updmap/pdftex.map}]
./delay.py.tex:7: Preview: Snippet 2 started.
<-><->
      
l.7 \[
      D = \frac{1}{N} \sum_{i=1}^{N} \min_{j \in S} d(u_i, s_j)\]
Not a real error.

./delay.py.tex:7: Preview: Snippet 2 ended.(2036992+0x14742592).
<-><->
      
l.7 ...\sum_{i=1}^{N} \min_{j \in S} d(u_i, s_j)\]
                                                  
Not a real error.

[2]
./delay.py.tex:8: Preview: Snippet 3 started.
<-><->
      
l.8 $
     N$
Not a real error.

./delay.py.tex:8: Preview: Snippet 3 ended.(447828+0x598014).
<-><->
      
l.8 $N$
       
Not a real error.

[3]
./delay.py.tex:9: Preview: Snippet 4 started.
<-><->
      
l.9 $
     S$
Not a real error.

./delay.py.tex:9: Preview: Snippet 4 ended.(447828+0x439636).
<-><->
      
l.9 $S$
       
Not a real error.

[4]
./delay.py.tex:10: Preview: Snippet 5 started.
<-><->
      
l.10 $
      u_{i}$
Not a real error.

./delay.py.tex:10: Preview: Snippet 5 ended.(282168+98303x593354).
<-><->
      
l.10 $u_{i}$
            
Not a real error.

[5]
./delay.py.tex:11: Preview: Snippet 6 started.
<-><->
      
l.11 $
      i$
Not a real error.

./delay.py.tex:11: Preview: Snippet 6 ended.(432226+0x225780).
<-><->
      
l.11 $i$
        
Not a real error.

[6]
./delay.py.tex:12: Preview: Snippet 7 started.
<-><->
      
l.12 $
      s_{j}$
Not a real error.

./delay.py.tex:12: Preview: Snippet 7 ended.(282168+187504x583340).
<-><->
      
l.12 $s_{j}$
            
Not a real error.

[7]
./delay.py.tex:13: Preview: Snippet 8 started.
<-><->
      
l.13 $
      j$
Not a real error.

./delay.py.tex:13: Preview: Snippet 8 ended.(432226+127431x307396).
<-><->
      
l.13 $j$
        
Not a real error.

[8]
./delay.py.tex:14: Preview: Snippet 9 started.
<-><->
      
l.14 $
      d(u_{i}, s_{j})$
Not a real error.

./delay.py.tex:14: Preview: Snippet 9 ended.(491520+187504x2318795).
<-><->
      
l.14 $d(u_{i}, s_{j})$
                      
Not a real error.

[9]
./delay.py.tex:15: Preview: Snippet 10 started.
<-><->
      
l.15 $
      u_{i}$
Not a real error.

./delay.py.tex:15: Preview: Snippet 10 ended.(282168+98303x593354).
<-><->
      
l.15 $u_{i}$
            
Not a real error.

[10]
./delay.py.tex:16: Preview: Snippet 11 started.
<-><->
      
l.16 $
      s_{j}$
Not a real error.

./delay.py.tex:16: Preview: Snippet 11 ended.(282168+187504x583340).
<-><->
      
l.16 $s_{j}$
            
Not a real error.

[11]
 ***********
LaTeX2e <2024-06-01> patch level 2
L3 programming layer <2024-08-30>
 ***********
 ) 
Here is how much of TeX's memory you used:
 429 strings out of 472212
 9239 string characters out of 5710134
 408178 words of memory out of 5000000
 24691 multiletter control sequences out of 15000+600000
 565296 words of font info for 52 fonts, out of 8000000 for 9000
 1141 hyphenation exceptions out of 8191
 46i,4n,54p,183b,99s stack positions out of 10000i,1000n,20000p,200000b,200000s
</usr/local/texlive/2024/texmf-dist/fonts/type1/public/amsfonts/cm/cmex10.pfb></usr/local/texlive/2024/texmf-dist/fonts/type1/public/amsfonts/cm/cmmi10.pfb></usr/local/texlive/2024/texmf-dist/fonts/type1/public/amsfonts/cm/cmmi7.pfb></usr/local/texlive/2024/texmf-dist/fonts/type1/public/amsfonts/cm/cmr10.pfb></usr/local/texlive/2024/texmf-dist/fonts/type1/public/amsfonts/cm/cmr7.pfb></usr/local/texlive/2024/texmf-dist/fonts/type1/public/amsfonts/cm/cmsy7.pfb>
Output written on delay.py.pdf (11 pages, 57046 bytes).
PDF statistics:
 70 PDF objects out of 1000 (max. 8388607)
 44 compressed objects within 1 object stream
 0 named destinations out of 1000 (max. 500000)
 1 words of extra memory for PDF output out of 10000 (max. 10000000)

